<?xml version="1.0" encoding="UTF-8"?>
<testng-results skipped="0" failed="2" ignored="0" total="2" passed="0">
  <reporter-output>
  </reporter-output>
  <suite name="Default suite" duration-ms="45714" started-at="2021-04-04T06:30:49 IST" finished-at="2021-04-04T06:31:35 IST">
    <groups>
    </groups>
    <test name="Default test" duration-ms="45714" started-at="2021-04-04T06:30:49 IST" finished-at="2021-04-04T06:31:35 IST">
      <class name="testcase.CreateLead">
        <test-method status="PASS" signature="StartReport()[pri:0, instance:testcase.CreateLead@24a35978]" name="StartReport" is-config="true" duration-ms="278" started-at="2021-04-04T06:30:49 IST" finished-at="2021-04-04T06:30:49 IST">
          <reporter-output>
          </reporter-output>
        </test-method> <!-- StartReport -->
        <test-method status="PASS" signature="FileReadName()[pri:0, instance:testcase.CreateLead@24a35978]" name="FileReadName" is-config="true" duration-ms="1" started-at="2021-04-04T06:30:49 IST" finished-at="2021-04-04T06:30:49 IST">
          <reporter-output>
          </reporter-output>
        </test-method> <!-- FileReadName -->
        <test-method status="PASS" signature="TestDescription()[pri:0, instance:testcase.CreateLead@24a35978]" name="TestDescription" is-config="true" duration-ms="4" started-at="2021-04-04T06:30:49 IST" finished-at="2021-04-04T06:30:49 IST">
          <reporter-output>
          </reporter-output>
        </test-method> <!-- TestDescription -->
        <test-method status="PASS" signature="Precondition()[pri:0, instance:testcase.CreateLead@24a35978]" name="Precondition" is-config="true" duration-ms="2818" started-at="2021-04-04T06:30:49 IST" finished-at="2021-04-04T06:30:52 IST">
          <reporter-output>
          </reporter-output>
        </test-method> <!-- Precondition -->
        <test-method status="FAIL" signature="CreateLeadExecute(java.lang.String, java.lang.String, java.lang.String, java.lang.String, java.lang.String)[pri:0, instance:testcase.CreateLead@24a35978]" name="CreateLeadExecute" duration-ms="19387" started-at="2021-04-04T06:30:52 IST" data-provider="ExcelRead" finished-at="2021-04-04T06:31:12 IST">
          <params>
            <param index="0">
              <value>
                <![CDATA[Infosys]]>
              </value>
            </param>
            <param index="1">
              <value>
                <![CDATA[naveen1]]>
              </value>
            </param>
            <param index="2">
              <value>
                <![CDATA[Test1]]>
              </value>
            </param>
            <param index="3">
              <value>
                <![CDATA[0123456789]]>
              </value>
            </param>
            <param index="4">
              <value>
                <![CDATA[markus@seltest.com]]>
              </value>
            </param>
          </params>
          <exception class="java.lang.RuntimeException">
            <full-stacktrace>
              <![CDATA[java.lang.RuntimeException
at base.CommonImplementation.ReportStep(CommonImplementation.java:68)
at pages.CreateLeadPage.EnterEmailID(CreateLeadPage.java:74)
at testcase.CreateLead.CreateLeadExecute(CreateLead.java:29)
at sun.reflect.NativeMethodAccessorImpl.invoke0(Native Method)
at sun.reflect.NativeMethodAccessorImpl.invoke(Unknown Source)
at sun.reflect.DelegatingMethodAccessorImpl.invoke(Unknown Source)
at java.lang.reflect.Method.invoke(Unknown Source)
at org.testng.internal.MethodInvocationHelper.invokeMethod(MethodInvocationHelper.java:132)
at org.testng.internal.TestInvoker.invokeMethod(TestInvoker.java:599)
at org.testng.internal.TestInvoker.invokeTestMethod(TestInvoker.java:174)
at org.testng.internal.MethodRunner.runInSequence(MethodRunner.java:46)
at org.testng.internal.TestInvoker$MethodInvocationAgent.invoke(TestInvoker.java:822)
at org.testng.internal.TestInvoker.invokeTestMethods(TestInvoker.java:147)
at org.testng.internal.TestMethodWorker.invokeTestMethods(TestMethodWorker.java:146)
at org.testng.internal.TestMethodWorker.run(TestMethodWorker.java:128)
at java.util.ArrayList.forEach(Unknown Source)
at org.testng.TestRunner.privateRun(TestRunner.java:764)
at org.testng.TestRunner.run(TestRunner.java:585)
at org.testng.SuiteRunner.runTest(SuiteRunner.java:384)
at org.testng.SuiteRunner.runSequentially(SuiteRunner.java:378)
at org.testng.SuiteRunner.privateRun(SuiteRunner.java:337)
at org.testng.SuiteRunner.run(SuiteRunner.java:286)
at org.testng.SuiteRunnerWorker.runSuite(SuiteRunnerWorker.java:53)
at org.testng.SuiteRunnerWorker.run(SuiteRunnerWorker.java:96)
at org.testng.TestNG.runSuitesSequentially(TestNG.java:1218)
at org.testng.TestNG.runSuitesLocally(TestNG.java:1140)
at org.testng.TestNG.runSuites(TestNG.java:1069)
at org.testng.TestNG.run(TestNG.java:1037)
at org.testng.remote.AbstractRemoteTestNG.run(AbstractRemoteTestNG.java:115)
at org.testng.remote.RemoteTestNG.initAndRun(RemoteTestNG.java:251)
at org.testng.remote.RemoteTestNG.main(RemoteTestNG.java:77)
]]>
            </full-stacktrace>
          </exception> <!-- java.lang.RuntimeException -->
          <reporter-output>
          </reporter-output>
        </test-method> <!-- CreateLeadExecute -->
        <test-method status="PASS" signature="PostCondition()[pri:0, instance:testcase.CreateLead@24a35978]" name="PostCondition" is-config="true" duration-ms="757" started-at="2021-04-04T06:31:12 IST" finished-at="2021-04-04T06:31:12 IST">
          <reporter-output>
          </reporter-output>
        </test-method> <!-- PostCondition -->
        <test-method status="PASS" signature="Precondition()[pri:0, instance:testcase.CreateLead@24a35978]" name="Precondition" is-config="true" duration-ms="1447" started-at="2021-04-04T06:31:12 IST" finished-at="2021-04-04T06:31:14 IST">
          <reporter-output>
          </reporter-output>
        </test-method> <!-- Precondition -->
        <test-method status="FAIL" signature="CreateLeadExecute(java.lang.String, java.lang.String, java.lang.String, java.lang.String, java.lang.String)[pri:0, instance:testcase.CreateLead@24a35978]" name="CreateLeadExecute" duration-ms="19922" started-at="2021-04-04T06:31:14 IST" data-provider="ExcelRead" finished-at="2021-04-04T06:31:34 IST">
          <params>
            <param index="0">
              <value>
                <![CDATA[Enfosys]]>
              </value>
            </param>
            <param index="1">
              <value>
                <![CDATA[naveen2]]>
              </value>
            </param>
            <param index="2">
              <value>
                <![CDATA[Test2]]>
              </value>
            </param>
            <param index="3">
              <value>
                <![CDATA[0123456789]]>
              </value>
            </param>
            <param index="4">
              <value>
                <![CDATA[markus@seltest.com]]>
              </value>
            </param>
          </params>
          <exception class="java.lang.RuntimeException">
            <full-stacktrace>
              <![CDATA[java.lang.RuntimeException
at base.CommonImplementation.ReportStep(CommonImplementation.java:68)
at pages.CreateLeadPage.EnterEmailID(CreateLeadPage.java:74)
at testcase.CreateLead.CreateLeadExecute(CreateLead.java:29)
at sun.reflect.NativeMethodAccessorImpl.invoke0(Native Method)
at sun.reflect.NativeMethodAccessorImpl.invoke(Unknown Source)
at sun.reflect.DelegatingMethodAccessorImpl.invoke(Unknown Source)
at java.lang.reflect.Method.invoke(Unknown Source)
at org.testng.internal.MethodInvocationHelper.invokeMethod(MethodInvocationHelper.java:132)
at org.testng.internal.TestInvoker.invokeMethod(TestInvoker.java:599)
at org.testng.internal.TestInvoker.invokeTestMethod(TestInvoker.java:174)
at org.testng.internal.MethodRunner.runInSequence(MethodRunner.java:46)
at org.testng.internal.TestInvoker$MethodInvocationAgent.invoke(TestInvoker.java:822)
at org.testng.internal.TestInvoker.invokeTestMethods(TestInvoker.java:147)
at org.testng.internal.TestMethodWorker.invokeTestMethods(TestMethodWorker.java:146)
at org.testng.internal.TestMethodWorker.run(TestMethodWorker.java:128)
at java.util.ArrayList.forEach(Unknown Source)
at org.testng.TestRunner.privateRun(TestRunner.java:764)
at org.testng.TestRunner.run(TestRunner.java:585)
at org.testng.SuiteRunner.runTest(SuiteRunner.java:384)
at org.testng.SuiteRunner.runSequentially(SuiteRunner.java:378)
at org.testng.SuiteRunner.privateRun(SuiteRunner.java:337)
at org.testng.SuiteRunner.run(SuiteRunner.java:286)
at org.testng.SuiteRunnerWorker.runSuite(SuiteRunnerWorker.java:53)
at org.testng.SuiteRunnerWorker.run(SuiteRunnerWorker.java:96)
at org.testng.TestNG.runSuitesSequentially(TestNG.java:1218)
at org.testng.TestNG.runSuitesLocally(TestNG.java:1140)
at org.testng.TestNG.runSuites(TestNG.java:1069)
at org.testng.TestNG.run(TestNG.java:1037)
at org.testng.remote.AbstractRemoteTestNG.run(AbstractRemoteTestNG.java:115)
at org.testng.remote.RemoteTestNG.initAndRun(RemoteTestNG.java:251)
at org.testng.remote.RemoteTestNG.main(RemoteTestNG.java:77)
]]>
            </full-stacktrace>
          </exception> <!-- java.lang.RuntimeException -->
          <reporter-output>
          </reporter-output>
        </test-method> <!-- CreateLeadExecute -->
        <test-method status="PASS" signature="PostCondition()[pri:0, instance:testcase.CreateLead@24a35978]" name="PostCondition" is-config="true" duration-ms="765" started-at="2021-04-04T06:31:34 IST" finished-at="2021-04-04T06:31:35 IST">
          <reporter-output>
          </reporter-output>
        </test-method> <!-- PostCondition -->
        <test-method status="PASS" signature="Closereport()[pri:0, instance:testcase.CreateLead@24a35978]" name="Closereport" is-config="true" duration-ms="316" started-at="2021-04-04T06:31:35 IST" finished-at="2021-04-04T06:31:35 IST">
          <reporter-output>
          </reporter-output>
        </test-method> <!-- Closereport -->
      </class> <!-- testcase.CreateLead -->
    </test> <!-- Default test -->
  </suite> <!-- Default suite -->
</testng-results>
